<?xml version="1.0" encoding="UTF-8"?>
<testng-results ignored="0" total="1" passed="1" failed="0" skipped="0">
  <reporter-output>
  </reporter-output>
  <suite started-at="2022-05-19T02:36:12 PDT" name="Default suite" finished-at="2022-05-19T02:36:15 PDT" duration-ms="2071">
    <groups>
    </groups>
    <test started-at="2022-05-19T02:36:12 PDT" name="Default test" finished-at="2022-05-19T02:36:15 PDT" duration-ms="2071">
      <class name="ApachePOITests.DataDriven_POI_POST_Test">
        <test-method signature="testPostLogin()[pri:0, instance:ApachePOITests.DataDriven_POI_POST_Test@f736069]" started-at="2022-05-19T02:36:12 PDT" name="testPostLogin" finished-at="2022-05-19T02:36:14 PDT" duration-ms="2001" status="PASS">
          <reporter-output>
          </reporter-output>
        </test-method> <!-- testPostLogin -->
      </class> <!-- ApachePOITests.DataDriven_POI_POST_Test -->
    </test> <!-- Default test -->
  </suite> <!-- Default suite -->
</testng-results>
